\BOOKMARK [0][-]{section*.2}{\376\377\004\020\004\075\004\075\004\076\004\102\004\060\004\106\004\070\004\117}{}% 1
\BOOKMARK [0][-]{section*.3}{\376\377\004\022\004\062\004\065\004\064\004\065\004\075\004\070\004\065}{}% 2
\BOOKMARK [0][-]{chapter.1}{\376\377\004\033\004\070\004\102\004\065\004\100\004\060\004\102\004\103\004\100\004\075\004\113\004\071\000\040\004\076\004\061\004\067\004\076\004\100}{}% 3
\BOOKMARK [1][-]{section.1.1}{\376\377\004\036\004\061\004\067\004\076\004\100\000\040\004\074\004\065\004\102\004\076\004\064\004\076\004\062\000\040\004\076\004\061\004\075\004\060\004\100\004\103\004\066\004\065\004\075\004\070\004\117\000\040\004\100\004\060\004\067\004\073\004\060\004\064\004\072\004\070\000\040\004\062\000\040\004\101\004\073\004\103\004\107\004\060\004\071\004\075\004\113\004\105\000\040\004\077\004\100\004\076\004\106\004\065\004\101\004\101\004\060\004\105}{chapter.1}% 4
\BOOKMARK [2][-]{subsection.1.1.1}{\376\377\004\042\004\065\004\101\004\102\000\040\004\035\004\065\004\071\004\074\004\060\004\075\004\060\040\023\004\037\004\070\004\100\004\101\004\076\004\075\004\060}{section.1.1}% 5
\BOOKMARK [2][-]{subsection.1.1.2}{\376\377\004\042\004\065\004\101\004\102\000\040\004\022\004\060\004\073\004\114\004\064\004\060}{section.1.1}% 6
\BOOKMARK [2][-]{subsection.1.1.3}{\376\377\004\041\004\100\004\060\004\062\004\075\004\065\004\075\004\070\004\065\000\040\004\074\004\065\004\102\004\076\004\064\004\076\004\062\000\040\004\035\004\065\004\071\004\074\004\060\004\075\004\060\040\023\004\037\004\070\004\100\004\101\004\076\004\075\004\060\000\040\004\070\000\040\004\022\004\060\004\073\004\114\004\064\004\060\000\040\004\064\004\073\004\117\000\040\004\022\004\070\004\075\004\065\004\100\004\076\004\062\004\101\004\072\004\076\004\063\004\076\000\040\004\077\004\100\004\076\004\106\004\065\004\101\004\101\004\060}{section.1.1}% 7
\BOOKMARK [1][-]{section.1.2}{\376\377\004\032\004\076\004\075\004\106\004\065\004\077\004\102\004\103\004\060\004\073\004\114\004\075\004\060\004\117\000\040\004\074\004\076\004\064\004\065\004\073\004\114\000\040\004\072\004\076\004\074\004\077\004\114\004\116\004\102\004\065\004\100\004\075\004\076\004\071\000\040\004\070\004\074\004\070\004\102\004\060\004\106\004\070\004\070\000\040\004\102\004\100\004\060\004\075\004\101\004\077\004\076\004\100\004\102\004\075\004\113\004\105\000\040\004\077\004\076\004\102\004\076\004\072\004\076\004\062\000\040\004\075\004\060\000\040\004\064\004\062\004\103\004\105\004\077\004\076\004\073\004\076\004\101\004\075\004\113\004\105\000\040\004\060\004\062\004\102\004\076\004\074\004\076\004\061\004\070\004\073\004\114\004\075\004\113\004\105\000\040\004\064\004\076\004\100\004\076\004\063\004\060\004\105}{chapter.1}% 8
\BOOKMARK [0][-]{chapter.2}{\376\377\004\034\004\060\004\102\004\065\004\074\004\060\004\102\004\070\004\107\004\065\004\101\004\072\004\060\004\117\000\040\004\074\004\076\004\064\004\065\004\073\004\114}{}% 9
\BOOKMARK [1][-]{section.2.1}{\376\377\004\032\004\076\004\075\004\106\004\065\004\077\004\102\004\103\004\060\004\073\004\114\004\075\004\060\004\117\000\040\004\077\004\076\004\101\004\102\004\060\004\075\004\076\004\062\004\072\004\060\000\040\004\067\004\060\004\064\004\060\004\107\004\070}{chapter.2}% 10
\BOOKMARK [1][-]{section.2.2}{\376\377\004\044\004\076\004\100\004\074\004\060\004\073\004\114\004\075\004\060\004\117\000\040\004\077\004\076\004\101\004\102\004\060\004\075\004\076\004\062\004\072\004\060\000\040\004\067\004\060\004\064\004\060\004\107\004\070}{chapter.2}% 11
\BOOKMARK [1][-]{section.2.3}{\376\377\004\034\004\060\004\102\004\065\004\074\004\060\004\102\004\070\004\107\004\065\004\101\004\072\004\060\004\117\000\040\004\077\004\076\004\101\004\102\004\060\004\075\004\076\004\062\004\072\004\060\000\040\004\067\004\060\004\064\004\060\004\107\004\070}{chapter.2}% 12
\BOOKMARK [0][-]{chapter.3}{\376\377\004\037\004\100\004\076\004\063\004\100\004\060\004\074\004\074\004\075\004\060\004\117\000\040\004\100\004\065\004\060\004\073\004\070\004\067\004\060\004\106\004\070\004\117}{}% 13
\BOOKMARK [1][-]{section.3.1}{\376\377\004\034\004\076\004\064\004\103\004\073\004\114\000\040\004\076\004\061\004\075\004\060\004\100\004\103\004\066\004\065\004\075\004\070\004\117\000\040\004\100\004\060\004\067\004\073\004\060\004\064\004\072\004\070}{chapter.3}% 14
\BOOKMARK [1][-]{section.3.2}{\376\377\004\034\004\076\004\064\004\103\004\073\004\114\000\040\004\062\004\067\004\060\004\070\004\074\004\076\004\064\004\065\004\071\004\101\004\102\004\062\004\070\004\117\000\040\004\101\000\040\004\101\004\070\004\101\004\102\004\065\004\074\004\076\004\071\000\040\004\022\004\020\004\024\004\041}{chapter.3}% 15
\BOOKMARK [1][-]{section.3.3}{\376\377\004\030\004\075\004\102\004\065\004\063\004\100\004\060\004\073\004\114\004\075\004\113\004\071\000\040\004\074\004\076\004\064\004\103\004\073\004\114}{chapter.3}% 16
\BOOKMARK [1][-]{section.3.4}{\376\377\004\041\004\102\004\060\004\102\004\070\004\101\004\102\004\070\004\107\004\065\004\101\004\072\004\070\004\065\000\040\004\070\004\101\004\077\004\113\004\102\004\060\004\075\004\070\004\117}{chapter.3}% 17
\BOOKMARK [0][-]{section*.4}{\376\377\004\027\004\060\004\072\004\073\004\116\004\107\004\065\004\075\004\070\004\065}{}% 18
\BOOKMARK [0][-]{section*.5}{\376\377\004\041\004\077\004\070\004\101\004\076\004\072\000\040\000\040\004\070\004\101\004\077\004\076\004\073\004\114\004\067\004\076\004\062\004\060\004\075\004\075\004\113\004\105\000\040\000\040\004\070\004\101\004\102\004\076\004\107\004\075\004\070\004\072\004\076\004\062}{}% 19
\BOOKMARK [0][-]{section*.6}{\376\377\004\037\004\100\004\070\004\073\004\076\004\066\004\065\004\075\004\070\004\065\000\040\004\020}{}% 20
\BOOKMARK [1][-]{section*.7}{\376\377\004\030\004\101\004\105\004\076\004\064\004\075\004\113\004\071\000\040\004\072\004\076\004\064\000\040\004\074\004\076\004\064\004\103\004\073\004\117\000\040\004\076\004\061\004\075\004\060\004\100\004\103\004\066\004\065\004\075\004\070\004\117\000\040\004\100\004\060\004\067\004\073\004\060\004\064\004\072\004\070}{section*.6}% 21
